<?xml version="1.0" encoding="UTF-8"?>
<!-- Generated by org.testng.reporters.JUnitReportReporter -->
<testsuite hostname="DESKTOP-VIB6UCD" name="TestNG.WhatsApp" tests="1" failures="0" timestamp="23 Nov 2021 12:08:33 GMT" time="0.035" errors="0">
  <testcase name="demo" time="0.035" classname="TestNG.WhatsApp"/>
</testsuite> <!-- TestNG.WhatsApp -->
