<?xml version="1.0" encoding="UTF-8"?>
<!-- Generated by org.testng.reporters.JUnitReportReporter -->
<testsuite hostname="DESKTOP-VIB6UCD" name="WhatsApp" tests="5" failures="0" timestamp="18 Nov 2021 06:10:31 GMT" time="0.388" errors="0">
  <testcase name="chat" time="0.008" classname="WhatsApp"/>
  <testcase name="chat" time="0.357" classname="WhatsApp"/>
  <testcase name="settings" time="0.007" classname="WhatsApp"/>
  <testcase name="settings" time="0.007" classname="WhatsApp"/>
  <testcase name="settings" time="0.009" classname="WhatsApp"/>
</testsuite> <!-- WhatsApp -->
