<?xml version="1.0" encoding="UTF-8"?>
<!-- Generated by org.testng.reporters.JUnitReportReporter -->
<testsuite hostname="DESKTOP-VIB6UCD" name="TestNG.TestCase1" tests="1" failures="0" timestamp="23 Nov 2021 12:51:54 GMT" time="34.752" errors="0">
  <testcase name="login" time="34.752" classname="TestNG.TestCase1"/>
</testsuite> <!-- TestNG.TestCase1 -->
