<?xml version="1.0" encoding="UTF-8"?>
<!-- Generated by org.testng.reporters.JUnitReportReporter -->
<testsuite hostname="DESKTOP-VIB6UCD" name="TestNG.Test0" tests="2" failures="0" timestamp="23 Nov 2021 12:17:00 GMT" time="0.045" errors="0">
  <testcase name="demo" time="0.012" classname="TestNG.Test0"/>
  <testcase name="chat" time="0.033" classname="TestNG.Test0"/>
</testsuite> <!-- TestNG.Test0 -->
